Marzo: 2
19237827-3 Laura Gomez 25 30/03/21 7/9/21/ AZD1222
11299516-1 Vidal Gordillo 54 31/03/21 5/29/21/ Coronavac
Abril: 8
19200759-3 Mateo Gonzalo 24 05/04/21 7/14/21/ AZD1222
19937663-2 Cristobal Perez 23 05/04/21 6/2/21/ Coronavac
19676900-5 Josefina Sepulveda 23 05/04/21 6/2/21/ BTN162B2
11703970-6 Adriana Ordoñez 50 07/04/21 6/4/21/ BTN162B2
8822700-k Samuel Cruz 59 09/04/21 6/6/21/ BTN162B2
11867277-1 Lara Mayoral 49 12/04/21 6/9/21/ Coronavac
12573685-8 Esther Alves 46 26/04/21 6/23/21/ BTN162B2
13152318-1 Valentin Valenzuela 45 29/04/21 6/26/21/ BTN162B2
Mayo: 7
12955888-1 Antonia Collado 44 03/05/21 8/12/21/ AZD1222
16950436-9 Eric Tejero 32 18/05/21 7/16/21/ Coronavac
17965738-4 Alicia Martín 29 24/05/21 7/22/21/ BTN162B2
14688538-1 Fernando Garriga 27 28/05/21 7/26/21/ Coronavac
19564843-3 Marcos Sanchez 24 28/05/21 7/26/21/ BTN162B2
19352231-9 Simon Candia 25 31/05/21 7/29/21/ BTN162B2
19162681-8 Maria Paz 25 31/05/21 7/29/21/ BTN162B2
Junio: 3
19922942-7 Dario Chavez 22 07/06/21 8/4/21/ Coronavac
20469156-8 Angel Acosta 21 08/06/21 8/5/21/ Coronavac
20827812-6 Luna Vallejo 19 11/06/21 8/8/21/ Coronavac
